

Started GET "/favicon.ico" for 127.0.0.1 at 2011-08-21 17:26:32 -0400

ActionController::RoutingError (No route matches "/favicon.ico"):
  

Rendered /home/jrg/.rvm/gems/ruby-1.9.2-p290@rails3tutorial/gems/actionpack-3.0.7/lib/action_dispatch/middleware/templates/rescues/routing_error.erb within rescues/layout (5.3ms)


Started GET "/" for 127.0.0.1 at 2011-08-21 17:40:50 -0400

ActionController::RoutingError (No route matches "/"):
  

Rendered /home/jrg/.rvm/gems/ruby-1.9.2-p290@rails3tutorial/gems/actionpack-3.0.7/lib/action_dispatch/middleware/templates/rescues/routing_error.erb within rescues/layout (6.1ms)


Started GET "/" for 127.0.0.1 at 2011-08-21 17:40:55 -0400

ActionController::RoutingError (No route matches "/"):
  

Rendered /home/jrg/.rvm/gems/ruby-1.9.2-p290@rails3tutorial/gems/actionpack-3.0.7/lib/action_dispatch/middleware/templates/rescues/routing_error.erb within rescues/layout (7.1ms)


Started GET "/" for 127.0.0.1 at 2011-08-21 17:40:55 -0400

ActionController::RoutingError (No route matches "/"):
  

Rendered /home/jrg/.rvm/gems/ruby-1.9.2-p290@rails3tutorial/gems/actionpack-3.0.7/lib/action_dispatch/middleware/templates/rescues/routing_error.erb within rescues/layout (5.0ms)


Started GET "/favicon.ico" for 127.0.0.1 at 2011-08-21 17:40:55 -0400

ActionController::RoutingError (No route matches "/favicon.ico"):
  

Rendered /home/jrg/.rvm/gems/ruby-1.9.2-p290@rails3tutorial/gems/actionpack-3.0.7/lib/action_dispatch/middleware/templates/rescues/routing_error.erb within rescues/layout (4.9ms)


Started GET "/" for 127.0.0.1 at 2011-08-21 17:40:58 -0400

ActionController::RoutingError (No route matches "/"):
  

Rendered /home/jrg/.rvm/gems/ruby-1.9.2-p290@rails3tutorial/gems/actionpack-3.0.7/lib/action_dispatch/middleware/templates/rescues/routing_error.erb within rescues/layout (4.7ms)


Started GET "/favicon.ico" for 127.0.0.1 at 2011-08-21 17:40:58 -0400

ActionController::RoutingError (No route matches "/favicon.ico"):
  

Rendered /home/jrg/.rvm/gems/ruby-1.9.2-p290@rails3tutorial/gems/actionpack-3.0.7/lib/action_dispatch/middleware/templates/rescues/routing_error.erb within rescues/layout (5.2ms)


Started GET "/pages/home" for 127.0.0.1 at 2011-08-21 17:41:03 -0400
  Processing by PagesController#home as HTML
Rendered pages/home.html.erb within layouts/application (9.7ms)
Completed 200 OK in 31ms (Views: 29.3ms | ActiveRecord: 0.0ms)


Started GET "/javascripts/prototype.js" for 127.0.0.1 at 2011-08-21 17:41:03 -0400

ActionController::RoutingError (No route matches "/javascripts/prototype.js"):
  

Rendered /home/jrg/.rvm/gems/ruby-1.9.2-p290@rails3tutorial/gems/actionpack-3.0.7/lib/action_dispatch/middleware/templates/rescues/routing_error.erb within rescues/layout (5.2ms)


Started GET "/javascripts/dragdrop.js" for 127.0.0.1 at 2011-08-21 17:41:03 -0400

ActionController::RoutingError (No route matches "/javascripts/dragdrop.js"):
  

Rendered /home/jrg/.rvm/gems/ruby-1.9.2-p290@rails3tutorial/gems/actionpack-3.0.7/lib/action_dispatch/middleware/templates/rescues/routing_error.erb within rescues/layout (5.1ms)


Started GET "/javascripts/rails.js" for 127.0.0.1 at 2011-08-21 17:41:03 -0400

ActionController::RoutingError (No route matches "/javascripts/rails.js"):
  

Rendered /home/jrg/.rvm/gems/ruby-1.9.2-p290@rails3tutorial/gems/actionpack-3.0.7/lib/action_dispatch/middleware/templates/rescues/routing_error.erb within rescues/layout (5.3ms)


Started GET "/javascripts/controls.js" for 127.0.0.1 at 2011-08-21 17:41:03 -0400

ActionController::RoutingError (No route matches "/javascripts/controls.js"):
  

Rendered /home/jrg/.rvm/gems/ruby-1.9.2-p290@rails3tutorial/gems/actionpack-3.0.7/lib/action_dispatch/middleware/templates/rescues/routing_error.erb within rescues/layout (4.9ms)


Started GET "/javascripts/effects.js" for 127.0.0.1 at 2011-08-21 17:41:04 -0400

ActionController::RoutingError (No route matches "/javascripts/effects.js"):
  

Rendered /home/jrg/.rvm/gems/ruby-1.9.2-p290@rails3tutorial/gems/actionpack-3.0.7/lib/action_dispatch/middleware/templates/rescues/routing_error.erb within rescues/layout (5.7ms)


Started GET "/pages/images/twitter.png" for 127.0.0.1 at 2011-08-21 17:41:04 -0400

ActionController::RoutingError (No route matches "/pages/images/twitter.png"):
  

Rendered /home/jrg/.rvm/gems/ruby-1.9.2-p290@rails3tutorial/gems/actionpack-3.0.7/lib/action_dispatch/middleware/templates/rescues/routing_error.erb within rescues/layout (4.8ms)


Started GET "/pages/images/email.png" for 127.0.0.1 at 2011-08-21 17:41:04 -0400

ActionController::RoutingError (No route matches "/pages/images/email.png"):
  

Rendered /home/jrg/.rvm/gems/ruby-1.9.2-p290@rails3tutorial/gems/actionpack-3.0.7/lib/action_dispatch/middleware/templates/rescues/routing_error.erb within rescues/layout (6.6ms)


Started GET "/pages/images/rss.png" for 127.0.0.1 at 2011-08-21 17:41:04 -0400

ActionController::RoutingError (No route matches "/pages/images/rss.png"):
  

Rendered /home/jrg/.rvm/gems/ruby-1.9.2-p290@rails3tutorial/gems/actionpack-3.0.7/lib/action_dispatch/middleware/templates/rescues/routing_error.erb within rescues/layout (7.2ms)


Started GET "/pages/images/forrst.png" for 127.0.0.1 at 2011-08-21 17:41:04 -0400

ActionController::RoutingError (No route matches "/pages/images/forrst.png"):
  

Rendered /home/jrg/.rvm/gems/ruby-1.9.2-p290@rails3tutorial/gems/actionpack-3.0.7/lib/action_dispatch/middleware/templates/rescues/routing_error.erb within rescues/layout (5.1ms)


Started GET "/pages/images/github.png" for 127.0.0.1 at 2011-08-21 17:41:04 -0400

ActionController::RoutingError (No route matches "/pages/images/github.png"):
  

Rendered /home/jrg/.rvm/gems/ruby-1.9.2-p290@rails3tutorial/gems/actionpack-3.0.7/lib/action_dispatch/middleware/templates/rescues/routing_error.erb within rescues/layout (5.2ms)


Started GET "/pages/images/launchpad-logo.png" for 127.0.0.1 at 2011-08-21 17:41:04 -0400

ActionController::RoutingError (No route matches "/pages/images/launchpad-logo.png"):
  

Rendered /home/jrg/.rvm/gems/ruby-1.9.2-p290@rails3tutorial/gems/actionpack-3.0.7/lib/action_dispatch/middleware/templates/rescues/routing_error.erb within rescues/layout (8.1ms)


Started GET "/favicon.ico" for 127.0.0.1 at 2011-08-21 17:41:04 -0400

ActionController::RoutingError (No route matches "/favicon.ico"):
  

Rendered /home/jrg/.rvm/gems/ruby-1.9.2-p290@rails3tutorial/gems/actionpack-3.0.7/lib/action_dispatch/middleware/templates/rescues/routing_error.erb within rescues/layout (4.4ms)


Started GET "/pages/home" for 127.0.0.1 at 2011-08-21 17:42:38 -0400
  Processing by PagesController#home as HTML
Rendered pages/home.html.erb within layouts/application (5.1ms)
Completed 200 OK in 28ms (Views: 26.4ms | ActiveRecord: 0.0ms)


Started GET "/pages/css/style.css" for 127.0.0.1 at 2011-08-21 17:42:41 -0400

ActionController::RoutingError (No route matches "/pages/css/style.css"):
  

Rendered /home/jrg/.rvm/gems/ruby-1.9.2-p290@rails3tutorial/gems/actionpack-3.0.7/lib/action_dispatch/middleware/templates/rescues/routing_error.erb within rescues/layout (5.8ms)


Started GET "/pages/js/libs/modernizr-2.0.6.min.js" for 127.0.0.1 at 2011-08-21 17:42:41 -0400

ActionController::RoutingError (No route matches "/pages/js/libs/modernizr-2.0.6.min.js"):
  

Rendered /home/jrg/.rvm/gems/ruby-1.9.2-p290@rails3tutorial/gems/actionpack-3.0.7/lib/action_dispatch/middleware/templates/rescues/routing_error.erb within rescues/layout (6.0ms)


Started GET "/pages/js/plugins.js" for 127.0.0.1 at 2011-08-21 17:42:41 -0400

ActionController::RoutingError (No route matches "/pages/js/plugins.js"):
  

Rendered /home/jrg/.rvm/gems/ruby-1.9.2-p290@rails3tutorial/gems/actionpack-3.0.7/lib/action_dispatch/middleware/templates/rescues/routing_error.erb within rescues/layout (5.4ms)


Started GET "/pages/js/script.js" for 127.0.0.1 at 2011-08-21 17:42:41 -0400

ActionController::RoutingError (No route matches "/pages/js/script.js"):
  

Rendered /home/jrg/.rvm/gems/ruby-1.9.2-p290@rails3tutorial/gems/actionpack-3.0.7/lib/action_dispatch/middleware/templates/rescues/routing_error.erb within rescues/layout (5.1ms)


Started GET "/pages/images/email.png" for 127.0.0.1 at 2011-08-21 17:42:41 -0400

ActionController::RoutingError (No route matches "/pages/images/email.png"):
  

Rendered /home/jrg/.rvm/gems/ruby-1.9.2-p290@rails3tutorial/gems/actionpack-3.0.7/lib/action_dispatch/middleware/templates/rescues/routing_error.erb within rescues/layout (5.4ms)


Started GET "/pages/images/twitter.png" for 127.0.0.1 at 2011-08-21 17:42:41 -0400

ActionController::RoutingError (No route matches "/pages/images/twitter.png"):
  

Rendered /home/jrg/.rvm/gems/ruby-1.9.2-p290@rails3tutorial/gems/actionpack-3.0.7/lib/action_dispatch/middleware/templates/rescues/routing_error.erb within rescues/layout (5.0ms)


Started GET "/pages/images/github.png" for 127.0.0.1 at 2011-08-21 17:42:42 -0400

ActionController::RoutingError (No route matches "/pages/images/github.png"):
  

Rendered /home/jrg/.rvm/gems/ruby-1.9.2-p290@rails3tutorial/gems/actionpack-3.0.7/lib/action_dispatch/middleware/templates/rescues/routing_error.erb within rescues/layout (5.1ms)


Started GET "/pages/images/rss.png" for 127.0.0.1 at 2011-08-21 17:42:42 -0400

ActionController::RoutingError (No route matches "/pages/images/rss.png"):
  

Rendered /home/jrg/.rvm/gems/ruby-1.9.2-p290@rails3tutorial/gems/actionpack-3.0.7/lib/action_dispatch/middleware/templates/rescues/routing_error.erb within rescues/layout (5.0ms)


Started GET "/pages/images/forrst.png" for 127.0.0.1 at 2011-08-21 17:42:42 -0400

ActionController::RoutingError (No route matches "/pages/images/forrst.png"):
  

Rendered /home/jrg/.rvm/gems/ruby-1.9.2-p290@rails3tutorial/gems/actionpack-3.0.7/lib/action_dispatch/middleware/templates/rescues/routing_error.erb within rescues/layout (9.1ms)


Started GET "/pages/images/launchpad-logo.png" for 127.0.0.1 at 2011-08-21 17:42:42 -0400

ActionController::RoutingError (No route matches "/pages/images/launchpad-logo.png"):
  

Rendered /home/jrg/.rvm/gems/ruby-1.9.2-p290@rails3tutorial/gems/actionpack-3.0.7/lib/action_dispatch/middleware/templates/rescues/routing_error.erb within rescues/layout (11.1ms)


Started GET "/favicon.ico" for 127.0.0.1 at 2011-08-21 17:42:42 -0400

ActionController::RoutingError (No route matches "/favicon.ico"):
  

Rendered /home/jrg/.rvm/gems/ruby-1.9.2-p290@rails3tutorial/gems/actionpack-3.0.7/lib/action_dispatch/middleware/templates/rescues/routing_error.erb within rescues/layout (4.1ms)


Started GET "/pages/home" for 127.0.0.1 at 2011-08-21 17:43:53 -0400
  Processing by PagesController#home as HTML
Rendered pages/home.html.erb within layouts/application (4.6ms)
Completed 200 OK in 22ms (Views: 19.5ms | ActiveRecord: 0.0ms)


Started GET "/pages/css/style.css" for 127.0.0.1 at 2011-08-21 17:43:55 -0400

ActionController::RoutingError (No route matches "/pages/css/style.css"):
  

Rendered /home/jrg/.rvm/gems/ruby-1.9.2-p290@rails3tutorial/gems/actionpack-3.0.7/lib/action_dispatch/middleware/templates/rescues/routing_error.erb within rescues/layout (4.4ms)


Started GET "/pages/js/libs/modernizr-2.0.6.min.js" for 127.0.0.1 at 2011-08-21 17:43:55 -0400

ActionController::RoutingError (No route matches "/pages/js/libs/modernizr-2.0.6.min.js"):
  

Rendered /home/jrg/.rvm/gems/ruby-1.9.2-p290@rails3tutorial/gems/actionpack-3.0.7/lib/action_dispatch/middleware/templates/rescues/routing_error.erb within rescues/layout (80.8ms)


Started GET "/pages/js/plugins.js" for 127.0.0.1 at 2011-08-21 17:43:56 -0400

ActionController::RoutingError (No route matches "/pages/js/plugins.js"):
  

Rendered /home/jrg/.rvm/gems/ruby-1.9.2-p290@rails3tutorial/gems/actionpack-3.0.7/lib/action_dispatch/middleware/templates/rescues/routing_error.erb within rescues/layout (5.5ms)


Started GET "/pages/js/script.js" for 127.0.0.1 at 2011-08-21 17:43:56 -0400

ActionController::RoutingError (No route matches "/pages/js/script.js"):
  

Rendered /home/jrg/.rvm/gems/ruby-1.9.2-p290@rails3tutorial/gems/actionpack-3.0.7/lib/action_dispatch/middleware/templates/rescues/routing_error.erb within rescues/layout (17.5ms)


Started GET "/pages/images/twitter.png" for 127.0.0.1 at 2011-08-21 17:43:56 -0400

ActionController::RoutingError (No route matches "/pages/images/twitter.png"):
  

Rendered /home/jrg/.rvm/gems/ruby-1.9.2-p290@rails3tutorial/gems/actionpack-3.0.7/lib/action_dispatch/middleware/templates/rescues/routing_error.erb within rescues/layout (9.2ms)


Started GET "/pages/images/email.png" for 127.0.0.1 at 2011-08-21 17:43:56 -0400

ActionController::RoutingError (No route matches "/pages/images/email.png"):
  

Rendered /home/jrg/.rvm/gems/ruby-1.9.2-p290@rails3tutorial/gems/actionpack-3.0.7/lib/action_dispatch/middleware/templates/rescues/routing_error.erb within rescues/layout (9.4ms)


Started GET "/pages/images/github.png" for 127.0.0.1 at 2011-08-21 17:43:56 -0400

ActionController::RoutingError (No route matches "/pages/images/github.png"):
  

Rendered /home/jrg/.rvm/gems/ruby-1.9.2-p290@rails3tutorial/gems/actionpack-3.0.7/lib/action_dispatch/middleware/templates/rescues/routing_error.erb within rescues/layout (5.4ms)


Started GET "/pages/images/forrst.png" for 127.0.0.1 at 2011-08-21 17:43:56 -0400

ActionController::RoutingError (No route matches "/pages/images/forrst.png"):
  

Rendered /home/jrg/.rvm/gems/ruby-1.9.2-p290@rails3tutorial/gems/actionpack-3.0.7/lib/action_dispatch/middleware/templates/rescues/routing_error.erb within rescues/layout (5.2ms)


Started GET "/pages/images/rss.png" for 127.0.0.1 at 2011-08-21 17:43:56 -0400

ActionController::RoutingError (No route matches "/pages/images/rss.png"):
  

Rendered /home/jrg/.rvm/gems/ruby-1.9.2-p290@rails3tutorial/gems/actionpack-3.0.7/lib/action_dispatch/middleware/templates/rescues/routing_error.erb within rescues/layout (5.2ms)


Started GET "/pages/images/launchpad-logo.png" for 127.0.0.1 at 2011-08-21 17:43:56 -0400

ActionController::RoutingError (No route matches "/pages/images/launchpad-logo.png"):
  

Rendered /home/jrg/.rvm/gems/ruby-1.9.2-p290@rails3tutorial/gems/actionpack-3.0.7/lib/action_dispatch/middleware/templates/rescues/routing_error.erb within rescues/layout (5.3ms)


Started GET "/favicon.ico" for 127.0.0.1 at 2011-08-21 17:43:56 -0400

ActionController::RoutingError (No route matches "/favicon.ico"):
  

Rendered /home/jrg/.rvm/gems/ruby-1.9.2-p290@rails3tutorial/gems/actionpack-3.0.7/lib/action_dispatch/middleware/templates/rescues/routing_error.erb within rescues/layout (3.7ms)


Started GET "/pages/home" for 127.0.0.1 at 2011-08-21 17:50:59 -0400
  Processing by PagesController#home as HTML
Rendered pages/home.html.erb within layouts/application (4.6ms)
Completed 200 OK in 21ms (Views: 19.5ms | ActiveRecord: 0.0ms)


Started GET "/pages/css/style.css" for 127.0.0.1 at 2011-08-21 17:50:59 -0400

ActionController::RoutingError (No route matches "/pages/css/style.css"):
  

Rendered /home/jrg/.rvm/gems/ruby-1.9.2-p290@rails3tutorial/gems/actionpack-3.0.7/lib/action_dispatch/middleware/templates/rescues/routing_error.erb within rescues/layout (4.4ms)


Started GET "/pages/js/libs/modernizr-2.0.6.min.js" for 127.0.0.1 at 2011-08-21 17:50:59 -0400

ActionController::RoutingError (No route matches "/pages/js/libs/modernizr-2.0.6.min.js"):
  

Rendered /home/jrg/.rvm/gems/ruby-1.9.2-p290@rails3tutorial/gems/actionpack-3.0.7/lib/action_dispatch/middleware/templates/rescues/routing_error.erb within rescues/layout (3.5ms)


Started GET "/pages/js/plugins.js" for 127.0.0.1 at 2011-08-21 17:50:59 -0400

ActionController::RoutingError (No route matches "/pages/js/plugins.js"):
  

Rendered /home/jrg/.rvm/gems/ruby-1.9.2-p290@rails3tutorial/gems/actionpack-3.0.7/lib/action_dispatch/middleware/templates/rescues/routing_error.erb within rescues/layout (4.8ms)


Started GET "/pages/js/script.js" for 127.0.0.1 at 2011-08-21 17:50:59 -0400

ActionController::RoutingError (No route matches "/pages/js/script.js"):
  

Rendered /home/jrg/.rvm/gems/ruby-1.9.2-p290@rails3tutorial/gems/actionpack-3.0.7/lib/action_dispatch/middleware/templates/rescues/routing_error.erb within rescues/layout (5.2ms)


Started GET "/pages/images/twitter.png" for 127.0.0.1 at 2011-08-21 17:50:59 -0400

ActionController::RoutingError (No route matches "/pages/images/twitter.png"):
  

Rendered /home/jrg/.rvm/gems/ruby-1.9.2-p290@rails3tutorial/gems/actionpack-3.0.7/lib/action_dispatch/middleware/templates/rescues/routing_error.erb within rescues/layout (5.3ms)


Started GET "/pages/images/forrst.png" for 127.0.0.1 at 2011-08-21 17:50:59 -0400

ActionController::RoutingError (No route matches "/pages/images/forrst.png"):
  

Rendered /home/jrg/.rvm/gems/ruby-1.9.2-p290@rails3tutorial/gems/actionpack-3.0.7/lib/action_dispatch/middleware/templates/rescues/routing_error.erb within rescues/layout (11.5ms)


Started GET "/pages/images/email.png" for 127.0.0.1 at 2011-08-21 17:50:59 -0400

ActionController::RoutingError (No route matches "/pages/images/email.png"):
  

Rendered /home/jrg/.rvm/gems/ruby-1.9.2-p290@rails3tutorial/gems/actionpack-3.0.7/lib/action_dispatch/middleware/templates/rescues/routing_error.erb within rescues/layout (8.1ms)


Started GET "/pages/images/github.png" for 127.0.0.1 at 2011-08-21 17:50:59 -0400

ActionController::RoutingError (No route matches "/pages/images/github.png"):
  

Rendered /home/jrg/.rvm/gems/ruby-1.9.2-p290@rails3tutorial/gems/actionpack-3.0.7/lib/action_dispatch/middleware/templates/rescues/routing_error.erb within rescues/layout (5.0ms)


Started GET "/pages/images/launchpad-logo.png" for 127.0.0.1 at 2011-08-21 17:50:59 -0400

ActionController::RoutingError (No route matches "/pages/images/launchpad-logo.png"):
  

Rendered /home/jrg/.rvm/gems/ruby-1.9.2-p290@rails3tutorial/gems/actionpack-3.0.7/lib/action_dispatch/middleware/templates/rescues/routing_error.erb within rescues/layout (5.8ms)


Started GET "/pages/images/rss.png" for 127.0.0.1 at 2011-08-21 17:51:00 -0400

ActionController::RoutingError (No route matches "/pages/images/rss.png"):
  

Rendered /home/jrg/.rvm/gems/ruby-1.9.2-p290@rails3tutorial/gems/actionpack-3.0.7/lib/action_dispatch/middleware/templates/rescues/routing_error.erb within rescues/layout (4.9ms)


Started GET "/favicon.ico" for 127.0.0.1 at 2011-08-21 17:51:00 -0400

ActionController::RoutingError (No route matches "/favicon.ico"):
  

Rendered /home/jrg/.rvm/gems/ruby-1.9.2-p290@rails3tutorial/gems/actionpack-3.0.7/lib/action_dispatch/middleware/templates/rescues/routing_error.erb within rescues/layout (3.5ms)


Started GET "/pages/home" for 127.0.0.1 at 2011-08-21 17:51:54 -0400
  Processing by PagesController#home as HTML
Rendered pages/home.html.erb within layouts/application (5.6ms)
Completed 200 OK in 27ms (Views: 25.7ms | ActiveRecord: 0.0ms)


Started GET "/pages/css/style.css" for 127.0.0.1 at 2011-08-21 17:51:54 -0400

ActionController::RoutingError (No route matches "/pages/css/style.css"):
  

Rendered /home/jrg/.rvm/gems/ruby-1.9.2-p290@rails3tutorial/gems/actionpack-3.0.7/lib/action_dispatch/middleware/templates/rescues/routing_error.erb within rescues/layout (6.3ms)


Started GET "/pages/js/libs/modernizr-2.0.6.min.js" for 127.0.0.1 at 2011-08-21 17:51:54 -0400

ActionController::RoutingError (No route matches "/pages/js/libs/modernizr-2.0.6.min.js"):
  

Rendered /home/jrg/.rvm/gems/ruby-1.9.2-p290@rails3tutorial/gems/actionpack-3.0.7/lib/action_dispatch/middleware/templates/rescues/routing_error.erb within rescues/layout (7.8ms)


Started GET "/pages/js/plugins.js" for 127.0.0.1 at 2011-08-21 17:51:54 -0400

ActionController::RoutingError (No route matches "/pages/js/plugins.js"):
  

Rendered /home/jrg/.rvm/gems/ruby-1.9.2-p290@rails3tutorial/gems/actionpack-3.0.7/lib/action_dispatch/middleware/templates/rescues/routing_error.erb within rescues/layout (5.4ms)


Started GET "/pages/js/script.js" for 127.0.0.1 at 2011-08-21 17:51:54 -0400

ActionController::RoutingError (No route matches "/pages/js/script.js"):
  

Rendered /home/jrg/.rvm/gems/ruby-1.9.2-p290@rails3tutorial/gems/actionpack-3.0.7/lib/action_dispatch/middleware/templates/rescues/routing_error.erb within rescues/layout (7.3ms)


Started GET "/favicon.ico" for 127.0.0.1 at 2011-08-21 17:51:55 -0400

ActionController::RoutingError (No route matches "/favicon.ico"):
  

Rendered /home/jrg/.rvm/gems/ruby-1.9.2-p290@rails3tutorial/gems/actionpack-3.0.7/lib/action_dispatch/middleware/templates/rescues/routing_error.erb within rescues/layout (5.9ms)


Started GET "/pages/home" for 127.0.0.1 at 2011-08-21 17:52:37 -0400
  Processing by PagesController#home as HTML
Rendered pages/home.html.erb within layouts/application (5.1ms)
Completed 200 OK in 31ms (Views: 28.9ms | ActiveRecord: 0.0ms)


Started GET "/pages/js/plugins.js" for 127.0.0.1 at 2011-08-21 17:52:37 -0400

ActionController::RoutingError (No route matches "/pages/js/plugins.js"):
  

Rendered /home/jrg/.rvm/gems/ruby-1.9.2-p290@rails3tutorial/gems/actionpack-3.0.7/lib/action_dispatch/middleware/templates/rescues/routing_error.erb within rescues/layout (9.3ms)


Started GET "/pages/js/script.js" for 127.0.0.1 at 2011-08-21 17:52:37 -0400

ActionController::RoutingError (No route matches "/pages/js/script.js"):
  

Rendered /home/jrg/.rvm/gems/ruby-1.9.2-p290@rails3tutorial/gems/actionpack-3.0.7/lib/action_dispatch/middleware/templates/rescues/routing_error.erb within rescues/layout (9.0ms)


Started GET "/favicon.ico" for 127.0.0.1 at 2011-08-21 17:52:38 -0400

ActionController::RoutingError (No route matches "/favicon.ico"):
  

Rendered /home/jrg/.rvm/gems/ruby-1.9.2-p290@rails3tutorial/gems/actionpack-3.0.7/lib/action_dispatch/middleware/templates/rescues/routing_error.erb within rescues/layout (4.8ms)


Started GET "/pages/home" for 127.0.0.1 at 2011-08-21 17:52:38 -0400
  Processing by PagesController#home as HTML
Rendered pages/home.html.erb within layouts/application (4.8ms)
Completed 200 OK in 24ms (Views: 21.8ms | ActiveRecord: 0.0ms)


Started GET "/pages/js/plugins.js" for 127.0.0.1 at 2011-08-21 17:52:39 -0400

ActionController::RoutingError (No route matches "/pages/js/plugins.js"):
  

Rendered /home/jrg/.rvm/gems/ruby-1.9.2-p290@rails3tutorial/gems/actionpack-3.0.7/lib/action_dispatch/middleware/templates/rescues/routing_error.erb within rescues/layout (3.7ms)


Started GET "/pages/js/script.js" for 127.0.0.1 at 2011-08-21 17:52:39 -0400

ActionController::RoutingError (No route matches "/pages/js/script.js"):
  

Rendered /home/jrg/.rvm/gems/ruby-1.9.2-p290@rails3tutorial/gems/actionpack-3.0.7/lib/action_dispatch/middleware/templates/rescues/routing_error.erb within rescues/layout (5.0ms)


Started GET "/favicon.ico" for 127.0.0.1 at 2011-08-21 17:52:39 -0400

ActionController::RoutingError (No route matches "/favicon.ico"):
  

Rendered /home/jrg/.rvm/gems/ruby-1.9.2-p290@rails3tutorial/gems/actionpack-3.0.7/lib/action_dispatch/middleware/templates/rescues/routing_error.erb within rescues/layout (4.9ms)


Started GET "/pages/home" for 127.0.0.1 at 2011-08-21 17:52:39 -0400
  Processing by PagesController#home as HTML
Rendered pages/home.html.erb within layouts/application (4.1ms)
Completed 200 OK in 22ms (Views: 20.4ms | ActiveRecord: 0.0ms)


Started GET "/pages/js/plugins.js" for 127.0.0.1 at 2011-08-21 17:52:39 -0400

ActionController::RoutingError (No route matches "/pages/js/plugins.js"):
  

Rendered /home/jrg/.rvm/gems/ruby-1.9.2-p290@rails3tutorial/gems/actionpack-3.0.7/lib/action_dispatch/middleware/templates/rescues/routing_error.erb within rescues/layout (4.9ms)


Started GET "/pages/js/script.js" for 127.0.0.1 at 2011-08-21 17:52:40 -0400

ActionController::RoutingError (No route matches "/pages/js/script.js"):
  

Rendered /home/jrg/.rvm/gems/ruby-1.9.2-p290@rails3tutorial/gems/actionpack-3.0.7/lib/action_dispatch/middleware/templates/rescues/routing_error.erb within rescues/layout (5.2ms)


Started GET "/pages/home" for 127.0.0.1 at 2011-08-21 17:52:40 -0400
  Processing by PagesController#home as HTML
Rendered pages/home.html.erb within layouts/application (4.4ms)
Completed 200 OK in 23ms (Views: 21.5ms | ActiveRecord: 0.0ms)


Started GET "/favicon.ico" for 127.0.0.1 at 2011-08-21 17:52:40 -0400

ActionController::RoutingError (No route matches "/favicon.ico"):
  

Rendered /home/jrg/.rvm/gems/ruby-1.9.2-p290@rails3tutorial/gems/actionpack-3.0.7/lib/action_dispatch/middleware/templates/rescues/routing_error.erb within rescues/layout (3.3ms)


Started GET "/favicon.ico" for 127.0.0.1 at 2011-08-21 17:52:41 -0400

ActionController::RoutingError (No route matches "/favicon.ico"):
  

Rendered /home/jrg/.rvm/gems/ruby-1.9.2-p290@rails3tutorial/gems/actionpack-3.0.7/lib/action_dispatch/middleware/templates/rescues/routing_error.erb within rescues/layout (3.5ms)


Started GET "/pages/home" for 127.0.0.1 at 2011-08-21 17:52:41 -0400
  Processing by PagesController#home as HTML
Rendered pages/home.html.erb within layouts/application (77.3ms)
Completed 200 OK in 95ms (Views: 93.3ms | ActiveRecord: 0.0ms)


Started GET "/pages/js/plugins.js" for 127.0.0.1 at 2011-08-21 17:52:42 -0400

ActionController::RoutingError (No route matches "/pages/js/plugins.js"):
  

Rendered /home/jrg/.rvm/gems/ruby-1.9.2-p290@rails3tutorial/gems/actionpack-3.0.7/lib/action_dispatch/middleware/templates/rescues/routing_error.erb within rescues/layout (5.8ms)


Started GET "/pages/js/script.js" for 127.0.0.1 at 2011-08-21 17:52:42 -0400

ActionController::RoutingError (No route matches "/pages/js/script.js"):
  

Rendered /home/jrg/.rvm/gems/ruby-1.9.2-p290@rails3tutorial/gems/actionpack-3.0.7/lib/action_dispatch/middleware/templates/rescues/routing_error.erb within rescues/layout (7.6ms)


Started GET "/favicon.ico" for 127.0.0.1 at 2011-08-21 17:52:42 -0400

ActionController::RoutingError (No route matches "/favicon.ico"):
  

Rendered /home/jrg/.rvm/gems/ruby-1.9.2-p290@rails3tutorial/gems/actionpack-3.0.7/lib/action_dispatch/middleware/templates/rescues/routing_error.erb within rescues/layout (3.4ms)


Started GET "/pages/home" for 127.0.0.1 at 2011-08-21 17:52:42 -0400
  Processing by PagesController#home as HTML
Rendered pages/home.html.erb within layouts/application (4.9ms)
Completed 200 OK in 21ms (Views: 19.8ms | ActiveRecord: 0.0ms)


Started GET "/pages/js/plugins.js" for 127.0.0.1 at 2011-08-21 17:52:42 -0400

ActionController::RoutingError (No route matches "/pages/js/plugins.js"):
  

Rendered /home/jrg/.rvm/gems/ruby-1.9.2-p290@rails3tutorial/gems/actionpack-3.0.7/lib/action_dispatch/middleware/templates/rescues/routing_error.erb within rescues/layout (5.3ms)


Started GET "/pages/js/script.js" for 127.0.0.1 at 2011-08-21 17:52:43 -0400

ActionController::RoutingError (No route matches "/pages/js/script.js"):
  

Rendered /home/jrg/.rvm/gems/ruby-1.9.2-p290@rails3tutorial/gems/actionpack-3.0.7/lib/action_dispatch/middleware/templates/rescues/routing_error.erb within rescues/layout (5.4ms)


Started GET "/favicon.ico" for 127.0.0.1 at 2011-08-21 17:52:43 -0400

ActionController::RoutingError (No route matches "/favicon.ico"):
  

Rendered /home/jrg/.rvm/gems/ruby-1.9.2-p290@rails3tutorial/gems/actionpack-3.0.7/lib/action_dispatch/middleware/templates/rescues/routing_error.erb within rescues/layout (5.2ms)


Started GET "/pages/home" for 127.0.0.1 at 2011-08-21 17:52:43 -0400
  Processing by PagesController#home as HTML
Rendered pages/home.html.erb within layouts/application (12.8ms)
Completed 200 OK in 33ms (Views: 31.4ms | ActiveRecord: 0.0ms)


Started GET "/pages/js/plugins.js" for 127.0.0.1 at 2011-08-21 17:52:43 -0400

ActionController::RoutingError (No route matches "/pages/js/plugins.js"):
  

Rendered /home/jrg/.rvm/gems/ruby-1.9.2-p290@rails3tutorial/gems/actionpack-3.0.7/lib/action_dispatch/middleware/templates/rescues/routing_error.erb within rescues/layout (5.0ms)


Started GET "/pages/js/script.js" for 127.0.0.1 at 2011-08-21 17:52:43 -0400

ActionController::RoutingError (No route matches "/pages/js/script.js"):
  

Rendered /home/jrg/.rvm/gems/ruby-1.9.2-p290@rails3tutorial/gems/actionpack-3.0.7/lib/action_dispatch/middleware/templates/rescues/routing_error.erb within rescues/layout (8.1ms)


Started GET "/favicon.ico" for 127.0.0.1 at 2011-08-21 17:52:44 -0400

ActionController::RoutingError (No route matches "/favicon.ico"):
  

Rendered /home/jrg/.rvm/gems/ruby-1.9.2-p290@rails3tutorial/gems/actionpack-3.0.7/lib/action_dispatch/middleware/templates/rescues/routing_error.erb within rescues/layout (3.8ms)


Started GET "/pages/contact.html" for 127.0.0.1 at 2011-08-21 17:52:47 -0400
  Processing by PagesController#contact as HTML
Rendered pages/contact.html.erb within layouts/application (4.0ms)
Completed 200 OK in 21ms (Views: 20.0ms | ActiveRecord: 0.0ms)


Started GET "/pages/js/plugins.js" for 127.0.0.1 at 2011-08-21 17:52:47 -0400

ActionController::RoutingError (No route matches "/pages/js/plugins.js"):
  

Rendered /home/jrg/.rvm/gems/ruby-1.9.2-p290@rails3tutorial/gems/actionpack-3.0.7/lib/action_dispatch/middleware/templates/rescues/routing_error.erb within rescues/layout (5.3ms)


Started GET "/pages/js/script.js" for 127.0.0.1 at 2011-08-21 17:52:47 -0400

ActionController::RoutingError (No route matches "/pages/js/script.js"):
  

Rendered /home/jrg/.rvm/gems/ruby-1.9.2-p290@rails3tutorial/gems/actionpack-3.0.7/lib/action_dispatch/middleware/templates/rescues/routing_error.erb within rescues/layout (5.7ms)


Started GET "/favicon.ico" for 127.0.0.1 at 2011-08-21 17:52:48 -0400

ActionController::RoutingError (No route matches "/favicon.ico"):
  

Rendered /home/jrg/.rvm/gems/ruby-1.9.2-p290@rails3tutorial/gems/actionpack-3.0.7/lib/action_dispatch/middleware/templates/rescues/routing_error.erb within rescues/layout (3.3ms)


Started GET "/" for 127.0.0.1 at 2011-08-21 17:53:22 -0400

SyntaxError (/home/jrg/code/jamesrgifford.com/config/routes.rb:6: unterminated string meets end of file
/home/jrg/code/jamesrgifford.com/config/routes.rb:6: syntax error, unexpected $end, expecting keyword_end):
  

Rendered /home/jrg/.rvm/gems/ruby-1.9.2-p290@rails3tutorial/gems/actionpack-3.0.7/lib/action_dispatch/middleware/templates/rescues/_trace.erb (7.3ms)
Rendered /home/jrg/.rvm/gems/ruby-1.9.2-p290@rails3tutorial/gems/actionpack-3.0.7/lib/action_dispatch/middleware/templates/rescues/_request_and_response.erb (7.6ms)
Rendered /home/jrg/.rvm/gems/ruby-1.9.2-p290@rails3tutorial/gems/actionpack-3.0.7/lib/action_dispatch/middleware/templates/rescues/diagnostics.erb within rescues/layout (34.6ms)


Started GET "/favicon.ico" for 127.0.0.1 at 2011-08-21 17:53:22 -0400

ActionController::RoutingError (No route matches "/favicon.ico"):
  

Rendered /home/jrg/.rvm/gems/ruby-1.9.2-p290@rails3tutorial/gems/actionpack-3.0.7/lib/action_dispatch/middleware/templates/rescues/routing_error.erb within rescues/layout (5.1ms)


Started GET "/" for 127.0.0.1 at 2011-08-21 17:53:23 -0400

ActionController::RoutingError (No route matches "/"):
  

Rendered /home/jrg/.rvm/gems/ruby-1.9.2-p290@rails3tutorial/gems/actionpack-3.0.7/lib/action_dispatch/middleware/templates/rescues/routing_error.erb within rescues/layout (5.3ms)


Started GET "/favicon.ico" for 127.0.0.1 at 2011-08-21 17:53:23 -0400

ActionController::RoutingError (No route matches "/favicon.ico"):
  

Rendered /home/jrg/.rvm/gems/ruby-1.9.2-p290@rails3tutorial/gems/actionpack-3.0.7/lib/action_dispatch/middleware/templates/rescues/routing_error.erb within rescues/layout (5.1ms)


Started GET "/" for 127.0.0.1 at 2011-08-21 17:53:24 -0400

ActionController::RoutingError (No route matches "/"):
  

Rendered /home/jrg/.rvm/gems/ruby-1.9.2-p290@rails3tutorial/gems/actionpack-3.0.7/lib/action_dispatch/middleware/templates/rescues/routing_error.erb within rescues/layout (5.0ms)


Started GET "/favicon.ico" for 127.0.0.1 at 2011-08-21 17:53:24 -0400

ActionController::RoutingError (No route matches "/favicon.ico"):
  

Rendered /home/jrg/.rvm/gems/ruby-1.9.2-p290@rails3tutorial/gems/actionpack-3.0.7/lib/action_dispatch/middleware/templates/rescues/routing_error.erb within rescues/layout (4.4ms)


Started GET "/" for 127.0.0.1 at 2011-08-21 17:53:24 -0400

ActionController::RoutingError (No route matches "/"):
  

Rendered /home/jrg/.rvm/gems/ruby-1.9.2-p290@rails3tutorial/gems/actionpack-3.0.7/lib/action_dispatch/middleware/templates/rescues/routing_error.erb within rescues/layout (6.0ms)


Started GET "/favicon.ico" for 127.0.0.1 at 2011-08-21 17:53:24 -0400

ActionController::RoutingError (No route matches "/favicon.ico"):
  

Rendered /home/jrg/.rvm/gems/ruby-1.9.2-p290@rails3tutorial/gems/actionpack-3.0.7/lib/action_dispatch/middleware/templates/rescues/routing_error.erb within rescues/layout (5.1ms)


Started GET "/" for 127.0.0.1 at 2011-08-21 17:55:07 -0400
  Processing by PagesController#home as HTML
Rendered pages/home.html.erb within layouts/application (5.1ms)
Completed 200 OK in 21ms (Views: 19.6ms | ActiveRecord: 0.0ms)


Started GET "/favicon.ico" for 127.0.0.1 at 2011-08-21 17:55:11 -0400

ActionController::RoutingError (No route matches "/favicon.ico"):
  

Rendered /home/jrg/.rvm/gems/ruby-1.9.2-p290@rails3tutorial/gems/actionpack-3.0.7/lib/action_dispatch/middleware/templates/rescues/routing_error.erb within rescues/layout (3.8ms)


Started GET "/" for 127.0.0.1 at 2011-08-21 17:57:14 -0400
  Processing by PagesController#home as HTML
Rendered pages/home.html.erb within layouts/application (4.6ms)
Completed 200 OK in 21ms (Views: 19.2ms | ActiveRecord: 0.0ms)


Started GET "/stylesheets/css/style.css" for 127.0.0.1 at 2011-08-21 17:57:15 -0400

ActionController::RoutingError (No route matches "/stylesheets/css/style.css"):
  

Rendered /home/jrg/.rvm/gems/ruby-1.9.2-p290@rails3tutorial/gems/actionpack-3.0.7/lib/action_dispatch/middleware/templates/rescues/routing_error.erb within rescues/layout (6.3ms)


Started GET "/favicon.ico" for 127.0.0.1 at 2011-08-21 17:57:15 -0400

ActionController::RoutingError (No route matches "/favicon.ico"):
  

Rendered /home/jrg/.rvm/gems/ruby-1.9.2-p290@rails3tutorial/gems/actionpack-3.0.7/lib/action_dispatch/middleware/templates/rescues/routing_error.erb within rescues/layout (3.7ms)


Started GET "/" for 127.0.0.1 at 2011-08-21 17:57:16 -0400
  Processing by PagesController#home as HTML
Rendered pages/home.html.erb within layouts/application (5.5ms)
Completed 200 OK in 20ms (Views: 19.3ms | ActiveRecord: 0.0ms)


Started GET "/stylesheets/css/style.css" for 127.0.0.1 at 2011-08-21 17:57:16 -0400

ActionController::RoutingError (No route matches "/stylesheets/css/style.css"):
  

Rendered /home/jrg/.rvm/gems/ruby-1.9.2-p290@rails3tutorial/gems/actionpack-3.0.7/lib/action_dispatch/middleware/templates/rescues/routing_error.erb within rescues/layout (5.5ms)


Started GET "/favicon.ico" for 127.0.0.1 at 2011-08-21 17:57:16 -0400

ActionController::RoutingError (No route matches "/favicon.ico"):
  

Rendered /home/jrg/.rvm/gems/ruby-1.9.2-p290@rails3tutorial/gems/actionpack-3.0.7/lib/action_dispatch/middleware/templates/rescues/routing_error.erb within rescues/layout (5.0ms)


Started GET "/" for 127.0.0.1 at 2011-08-21 17:57:35 -0400
  Processing by PagesController#home as HTML
Rendered pages/home.html.erb within layouts/application (8.1ms)
Completed 200 OK in 30ms (Views: 28.3ms | ActiveRecord: 0.0ms)


Started GET "/stylesheets/css/style.css" for 127.0.0.1 at 2011-08-21 17:57:36 -0400

ActionController::RoutingError (No route matches "/stylesheets/css/style.css"):
  

Rendered /home/jrg/.rvm/gems/ruby-1.9.2-p290@rails3tutorial/gems/actionpack-3.0.7/lib/action_dispatch/middleware/templates/rescues/routing_error.erb within rescues/layout (7.1ms)


Started GET "/favicon.ico" for 127.0.0.1 at 2011-08-21 17:57:36 -0400

ActionController::RoutingError (No route matches "/favicon.ico"):
  

Rendered /home/jrg/.rvm/gems/ruby-1.9.2-p290@rails3tutorial/gems/actionpack-3.0.7/lib/action_dispatch/middleware/templates/rescues/routing_error.erb within rescues/layout (3.5ms)


Started GET "/" for 127.0.0.1 at 2011-08-21 17:57:36 -0400
  Processing by PagesController#home as HTML
Rendered pages/home.html.erb within layouts/application (6.6ms)
Completed 200 OK in 23ms (Views: 21.9ms | ActiveRecord: 0.0ms)


Started GET "/stylesheets/css/style.css" for 127.0.0.1 at 2011-08-21 17:57:37 -0400

ActionController::RoutingError (No route matches "/stylesheets/css/style.css"):
  

Rendered /home/jrg/.rvm/gems/ruby-1.9.2-p290@rails3tutorial/gems/actionpack-3.0.7/lib/action_dispatch/middleware/templates/rescues/routing_error.erb within rescues/layout (8.4ms)


Started GET "/favicon.ico" for 127.0.0.1 at 2011-08-21 17:57:37 -0400

ActionController::RoutingError (No route matches "/favicon.ico"):
  

Rendered /home/jrg/.rvm/gems/ruby-1.9.2-p290@rails3tutorial/gems/actionpack-3.0.7/lib/action_dispatch/middleware/templates/rescues/routing_error.erb within rescues/layout (6.0ms)
